0 info it worked if it ends with ok
1 verbose cli [ '/usr/local/Cellar/node/7.2.0/bin/node',
1 verbose cli   '/usr/local/bin/npm',
1 verbose cli   'run',
1 verbose cli   'build',
1 verbose cli   '--watch' ]
2 info using npm@3.10.9
3 info using node@v7.2.0
4 verbose run-script [ 'prebuild', 'build', 'postbuild' ]
5 info lifecycle daytradr@1.0.0~prebuild: daytradr@1.0.0
6 silly lifecycle daytradr@1.0.0~prebuild: no script for prebuild, continuing
7 info lifecycle daytradr@1.0.0~build: daytradr@1.0.0
8 verbose lifecycle daytradr@1.0.0~build: unsafe-perm in lifecycle true
9 verbose lifecycle daytradr@1.0.0~build: PATH: /usr/local/lib/node_modules/npm/bin/node-gyp-bin:/Users/dv/Desktop/projects/NodeJS/daytradr/node_modules/.bin:/usr/local/Cellar/node/7.2.0/bin:/Users/dv/.rbenv/shims:/usr/local/bin:/usr/bin:/bin:/usr/sbin:/sbin
10 verbose lifecycle daytradr@1.0.0~build: CWD: /Users/dv/Desktop/projects/NodeJS/daytradr
11 silly lifecycle daytradr@1.0.0~build: Args: [ '-c',
11 silly lifecycle   'npm run clean && npm run mkdir && npm run build:html && npm run build:css && npm run build:js' ]
12 silly lifecycle daytradr@1.0.0~build: Returned: code: 1  signal: null
13 info lifecycle daytradr@1.0.0~build: Failed to exec build script
14 verbose stack Error: daytradr@1.0.0 build: `npm run clean && npm run mkdir && npm run build:html && npm run build:css && npm run build:js`
14 verbose stack Exit status 1
14 verbose stack     at EventEmitter.<anonymous> (/usr/local/lib/node_modules/npm/lib/utils/lifecycle.js:255:16)
14 verbose stack     at emitTwo (events.js:106:13)
14 verbose stack     at EventEmitter.emit (events.js:191:7)
14 verbose stack     at ChildProcess.<anonymous> (/usr/local/lib/node_modules/npm/lib/utils/spawn.js:40:14)
14 verbose stack     at emitTwo (events.js:106:13)
14 verbose stack     at ChildProcess.emit (events.js:191:7)
14 verbose stack     at maybeClose (internal/child_process.js:885:16)
14 verbose stack     at Process.ChildProcess._handle.onexit (internal/child_process.js:226:5)
15 verbose pkgid daytradr@1.0.0
16 verbose cwd /Users/dv/Desktop/projects/NodeJS/daytradr
17 error Darwin 16.3.0
18 error argv "/usr/local/Cellar/node/7.2.0/bin/node" "/usr/local/bin/npm" "run" "build" "--watch"
19 error node v7.2.0
20 error npm  v3.10.9
21 error code ELIFECYCLE
22 error daytradr@1.0.0 build: `npm run clean && npm run mkdir && npm run build:html && npm run build:css && npm run build:js`
22 error Exit status 1
23 error Failed at the daytradr@1.0.0 build script 'npm run clean && npm run mkdir && npm run build:html && npm run build:css && npm run build:js'.
23 error Make sure you have the latest version of node.js and npm installed.
23 error If you do, this is most likely a problem with the daytradr package,
23 error not with npm itself.
23 error Tell the author that this fails on your system:
23 error     npm run clean && npm run mkdir && npm run build:html && npm run build:css && npm run build:js
23 error You can get information on how to open an issue for this project with:
23 error     npm bugs daytradr
23 error Or if that isn't available, you can get their info via:
23 error     npm owner ls daytradr
23 error There is likely additional logging output above.
24 verbose exit [ 1, true ]
